<?xml version="1.0" encoding="UTF-8"?>
<robot generator="Robot 5.0.1 (Python 3.10.7 on win32)" generated="20221007 14:42:45.733" rpa="false" schemaversion="3">
<suite id="s1" name="Buger-Eats-Partner-Api-Tests" source="C:\qaninja\buger-eats-partner-api-tests">
<suite id="s1-s1" name="Tests" source="C:\qaninja\buger-eats-partner-api-tests\tests">
<suite id="s1-s1-s1" name="Post" source="C:\qaninja\buger-eats-partner-api-tests\tests\post.robot">
<test id="s1-s1-s1-t1" name="Deve retornar que já existe o parceiro" line="21">
<kw name="Cria Parceiro Duplicado" library="partner">
<var>${parceiro}</var>
<msg timestamp="20221007 14:42:46.379" level="INFO">${parceiro} = {'name': 'Pizzas Papito2', 'email': 'contato2@papito.com.br', 'whatsapp': '61123456789', 'business': 'Conveniência'}</msg>
<status status="PASS" starttime="20221007 14:42:46.378" endtime="20221007 14:42:46.382"/>
</kw>
<kw name="Apaga parceiro pelo nome" library="database">
<arg>${parceiro}[name]</arg>
<kw name="Create Dictionary" library="BuiltIn">
<var>${filtro}</var>
<arg>name=${nome_parceiro}</arg>
<doc>Creates and returns a dictionary based on the given ``items``.</doc>
<msg timestamp="20221007 14:42:46.388" level="INFO">${filtro} = {'name': 'Pizzas Papito2'}</msg>
<status status="PASS" starttime="20221007 14:42:46.387" endtime="20221007 14:42:46.390"/>
</kw>
<kw name="Delete One" library="RobotMongoDBLibrary.Delete">
<arg>${MONGO_URI}</arg>
<arg>${filtro}</arg>
<status status="PASS" starttime="20221007 14:42:46.391" endtime="20221007 14:42:47.784"/>
</kw>
<status status="PASS" starttime="20221007 14:42:46.383" endtime="20221007 14:42:47.784"/>
</kw>
<kw name="POST Partner" library="services">
<arg>${parceiro}</arg>
<kw name="POST" library="RequestsLibrary">
<var>${response}</var>
<arg>${BASE_URL}</arg>
<arg>json=${payload}</arg>
<arg>headers=${HEADER}</arg>
<arg>expected_status=any</arg>
<doc>Sends a POST request.</doc>
<msg timestamp="20221007 14:42:47.828" level="INFO">POST Request : url=http://localhost:3333/partners 
 path_url=/partners 
 headers={'User-Agent': 'python-requests/2.28.1', 'Accept-Encoding': 'gzip, deflate', 'Accept': '*/*', 'Connection': 'keep-alive', 'Content-Type': 'application/json', 'auth_user': 'qa', 'auth_password': 'ninja', 'Content-Length': '121'} 
 body=b'{"name": "Pizzas Papito2", "email": "contato2@papito.com.br", "whatsapp": "61123456789", "business": "Conveni\\u00eancia"}' 
 </msg>
<msg timestamp="20221007 14:42:47.830" level="INFO">POST Response : url=http://localhost:3333/partners 
 status=201, reason=Created 
 headers={'X-Powered-By': 'Express', 'Access-Control-Allow-Origin': '*', 'Access-Control-Expose-Headers': 'Authorization,auth_user,auth_password', 'Content-Type': 'application/json; charset=utf-8', 'Content-Length': '41', 'ETag': 'W/"29-43E17uEeabrPB5CMOksQtfnjB0s"', 'Date': 'Fri, 07 Oct 2022 17:42:47 GMT', 'Connection': 'keep-alive', 'Keep-Alive': 'timeout=5'} 
 body={"partner_id":"63406517e310fb3b40c49e87"} 
 </msg>
<msg timestamp="20221007 14:42:47.832" level="INFO">${response} = &lt;Response [201]&gt;</msg>
<status status="PASS" starttime="20221007 14:42:47.789" endtime="20221007 14:42:47.836"/>
</kw>
<status status="PASS" starttime="20221007 14:42:47.787" endtime="20221007 14:42:47.838"/>
</kw>
<kw name="POST Partner" library="services">
<var>${response}</var>
<arg>${parceiro}</arg>
<kw name="POST" library="RequestsLibrary">
<var>${response}</var>
<arg>${BASE_URL}</arg>
<arg>json=${payload}</arg>
<arg>headers=${HEADER}</arg>
<arg>expected_status=any</arg>
<doc>Sends a POST request.</doc>
<msg timestamp="20221007 14:42:47.881" level="INFO">POST Request : url=http://localhost:3333/partners 
 path_url=/partners 
 headers={'User-Agent': 'python-requests/2.28.1', 'Accept-Encoding': 'gzip, deflate', 'Accept': '*/*', 'Connection': 'keep-alive', 'Content-Type': 'application/json', 'auth_user': 'qa', 'auth_password': 'ninja', 'Content-Length': '121'} 
 body=b'{"name": "Pizzas Papito2", "email": "contato2@papito.com.br", "whatsapp": "61123456789", "business": "Conveni\\u00eancia"}' 
 </msg>
<msg timestamp="20221007 14:42:47.884" level="INFO">POST Response : url=http://localhost:3333/partners 
 status=409, reason=Conflict 
 headers={'X-Powered-By': 'Express', 'Access-Control-Allow-Origin': '*', 'Access-Control-Expose-Headers': 'Authorization,auth_user,auth_password', 'Content-Type': 'application/json; charset=utf-8', 'Content-Length': '36', 'ETag': 'W/"24-npRjBxR/ioA1Ds6xvIHfcGoYoY4"', 'Date': 'Fri, 07 Oct 2022 17:42:47 GMT', 'Connection': 'keep-alive', 'Keep-Alive': 'timeout=5'} 
 body={"message":"Duplicate company name"} 
 </msg>
<msg timestamp="20221007 14:42:47.889" level="INFO">${response} = &lt;Response [409]&gt;</msg>
<status status="PASS" starttime="20221007 14:42:47.842" endtime="20221007 14:42:47.892"/>
</kw>
<msg timestamp="20221007 14:42:47.892" level="INFO">${response} = &lt;Response [409]&gt;</msg>
<status status="PASS" starttime="20221007 14:42:47.841" endtime="20221007 14:42:47.895"/>
</kw>
<kw name="Status Should Be" library="RequestsLibrary">
<arg>409</arg>
<doc>Fails if response status code is different than the expected.</doc>
<status status="PASS" starttime="20221007 14:42:47.898" endtime="20221007 14:42:47.899"/>
</kw>
<kw name="Should Be Equal" library="BuiltIn">
<arg>${response.json()}[message]</arg>
<arg>Duplicate company name</arg>
<doc>Fails if the given objects are unequal.</doc>
<status status="PASS" starttime="20221007 14:42:47.899" endtime="20221007 14:42:47.902"/>
</kw>
<status status="PASS" starttime="20221007 14:42:46.375" endtime="20221007 14:42:47.907"/>
</test>
<doc>POST /partners</doc>
<status status="PASS" starttime="20221007 14:42:45.811" endtime="20221007 14:42:47.919"/>
</suite>
<status status="PASS" starttime="20221007 14:42:45.803" endtime="20221007 14:42:47.925"/>
</suite>
<status status="PASS" starttime="20221007 14:42:45.743" endtime="20221007 14:42:47.930"/>
</suite>
<statistics>
<total>
<stat pass="1" fail="0" skip="0">All Tests</stat>
</total>
<tag>
</tag>
<suite>
<stat pass="1" fail="0" skip="0" id="s1" name="Buger-Eats-Partner-Api-Tests">Buger-Eats-Partner-Api-Tests</stat>
<stat pass="1" fail="0" skip="0" id="s1-s1" name="Tests">Buger-Eats-Partner-Api-Tests.Tests</stat>
<stat pass="1" fail="0" skip="0" id="s1-s1-s1" name="Post">Buger-Eats-Partner-Api-Tests.Tests.Post</stat>
</suite>
</statistics>
<errors>
</errors>
</robot>
